This is pdfTeX, Version 3.141592653-2.6-1.40.24 (TeX Live 2022) (preloaded format=pdflatex 2023.1.26)  12 MAR 2023 22:23
entering extended mode
 restricted \write18 enabled.
 file:line:error style messages enabled.
 %&-line parsing enabled.
**d:/Programming/Latex/ME748/Term_project1/main.tex
(d:/Programming/Latex/ME748/Term_project1/main.tex
LaTeX2e <2022-11-01> patch level 1
L3 programming layer <2023-01-16> (c:/texlive/2022/texmf-dist/tex/latex/paper/paper.cls
Document Class: paper 2008/05/30 1.0l LaTeX document class (wm).
\hours=\count185
\minutes=\count186
(c:/texlive/2022/texmf-dist/tex/latex/base/size10.clo
File: size10.clo 2022/07/02 v1.4n Standard LaTeX file (size option)
)
\beforetitlespace=\skip48
\c@part=\count187
\c@section=\count188
\c@subsection=\count189
\c@subsubsection=\count190
\c@paragraph=\count191
\c@subparagraph=\count192
\exampleindent=\skip49
\c@figure=\count193
\c@table=\count194
\abovecaptionskip=\skip50
\belowcaptionskip=\skip51
\bibindent=\dimen140
) (c:/texlive/2022/texmf-dist/tex/generic/babel/babel.sty
Package: babel 2022/01/23 3.85 The Babel package
\babel@savecnt=\count195
\U@D=\dimen141
\l@unhyphenated=\language87
 (c:/texlive/2022/texmf-dist/tex/generic/babel/txtbabel.def)
\bbl@readstream=\read2
\bbl@dirlevel=\count196
 (c:/texlive/2022/texmf-dist/tex/generic/babel-latin/latin.ldf
Language: latin 2021-06-27 v4.0 Latin support from the babel system
Package babel Info: Making " an active character on input line 135.
) (c:/texlive/2022/texmf-dist/tex/generic/babel-english/english.ldf
Language: english 2017/06/06 v3.3r English support from the babel system
Package babel Info: Hyphen rules for 'canadian' set to \l@english
(babel)             (\language0). Reported on input line 102.
Package babel Info: Hyphen rules for 'australian' set to \l@ukenglish
(babel)             (\language21). Reported on input line 105.
Package babel Info: Hyphen rules for 'newzealand' set to \l@ukenglish
(babel)             (\language21). Reported on input line 108.
)) (c:/texlive/2022/texmf-dist/tex/generic/babel/locale/en/babel-english.tex
Package babel Info: Importing font and identification data for english
(babel)             from babel-en.ini. Reported on input line 11.
) (c:/texlive/2022/texmf-dist/tex/generic/babel/locale/la/babel-latin.tex
Package babel Info: Importing font and identification data for latin
(babel)             from babel-la.ini. Reported on input line 9.
) (c:/texlive/2022/texmf-dist/tex/latex/hyperref/hyperref.sty
Package: hyperref 2022-11-13 v7.00u Hypertext links for LaTeX
 (c:/texlive/2022/texmf-dist/tex/generic/ltxcmds/ltxcmds.sty
Package: ltxcmds 2020-05-10 v1.25 LaTeX kernel commands for general use (HO)
) (c:/texlive/2022/texmf-dist/tex/generic/iftex/iftex.sty
Package: iftex 2022/02/03 v1.0f TeX engine tests
) (c:/texlive/2022/texmf-dist/tex/generic/pdftexcmds/pdftexcmds.sty
Package: pdftexcmds 2020-06-27 v0.33 Utility functions of pdfTeX for LuaTeX (HO)
 (c:/texlive/2022/texmf-dist/tex/generic/infwarerr/infwarerr.sty
Package: infwarerr 2019/12/03 v1.5 Providing info/warning/error messages (HO)
)
Package pdftexcmds Info: \pdf@primitive is available.
Package pdftexcmds Info: \pdf@ifprimitive is available.
Package pdftexcmds Info: \pdfdraftmode found.
) (c:/texlive/2022/texmf-dist/tex/latex/graphics/keyval.sty
Package: keyval 2022/05/29 v1.15 key=value parser (DPC)
\KV@toks@=\toks16
) (c:/texlive/2022/texmf-dist/tex/latex/kvsetkeys/kvsetkeys.sty
Package: kvsetkeys 2022-10-05 v1.19 Key value parser (HO)
) (c:/texlive/2022/texmf-dist/tex/generic/kvdefinekeys/kvdefinekeys.sty
Package: kvdefinekeys 2019-12-19 v1.6 Define keys (HO)
) (c:/texlive/2022/texmf-dist/tex/generic/pdfescape/pdfescape.sty
Package: pdfescape 2019/12/09 v1.15 Implements pdfTeX's escape features (HO)
) (c:/texlive/2022/texmf-dist/tex/latex/hycolor/hycolor.sty
Package: hycolor 2020-01-27 v1.10 Color options for hyperref/bookmark (HO)
) (c:/texlive/2022/texmf-dist/tex/latex/letltxmacro/letltxmacro.sty
Package: letltxmacro 2019/12/03 v1.6 Let assignment for LaTeX macros (HO)
) (c:/texlive/2022/texmf-dist/tex/latex/auxhook/auxhook.sty
Package: auxhook 2019-12-17 v1.6 Hooks for auxiliary files (HO)
) (c:/texlive/2022/texmf-dist/tex/latex/hyperref/nameref.sty
Package: nameref 2022-05-17 v2.50 Cross-referencing by name of section
 (c:/texlive/2022/texmf-dist/tex/latex/refcount/refcount.sty
Package: refcount 2019/12/15 v3.6 Data extraction from label references (HO)
) (c:/texlive/2022/texmf-dist/tex/generic/gettitlestring/gettitlestring.sty
Package: gettitlestring 2019/12/15 v1.6 Cleanup title references (HO)
 (c:/texlive/2022/texmf-dist/tex/latex/kvoptions/kvoptions.sty
Package: kvoptions 2022-06-15 v3.15 Key value format for package options (HO)
))
\c@section@level=\count197
)
\@linkdim=\dimen142
\Hy@linkcounter=\count198
\Hy@pagecounter=\count199
 (c:/texlive/2022/texmf-dist/tex/latex/hyperref/pd1enc.def
File: pd1enc.def 2022-11-13 v7.00u Hyperref: PDFDocEncoding definition (HO)
Now handling font encoding PD1 ...
... no UTF-8 mapping file for font encoding PD1
) (c:/texlive/2022/texmf-dist/tex/generic/intcalc/intcalc.sty
Package: intcalc 2019/12/15 v1.3 Expandable calculations with integers (HO)
) (c:/texlive/2022/texmf-dist/tex/generic/etexcmds/etexcmds.sty
Package: etexcmds 2019/12/15 v1.7 Avoid name clashes with e-TeX commands (HO)
)
\Hy@SavedSpaceFactor=\count266
 (c:/texlive/2022/texmf-dist/tex/latex/hyperref/puenc.def
File: puenc.def 2022-11-13 v7.00u Hyperref: PDF Unicode definition (HO)
Now handling font encoding PU ...
... no UTF-8 mapping file for font encoding PU
)
Package hyperref Info: Hyper figures OFF on input line 4162.
Package hyperref Info: Link nesting OFF on input line 4167.
Package hyperref Info: Hyper index ON on input line 4170.
Package hyperref Info: Plain pages OFF on input line 4177.
Package hyperref Info: Backreferencing OFF on input line 4182.
Package hyperref Info: Implicit mode ON; LaTeX internals redefined.
Package hyperref Info: Bookmarks ON on input line 4410.
\c@Hy@tempcnt=\count267
 (c:/texlive/2022/texmf-dist/tex/latex/url/url.sty
\Urlmuskip=\muskip16
Package: url 2013/09/16  ver 3.4  Verb mode for urls, etc.
)
LaTeX Info: Redefining \url on input line 4748.
\XeTeXLinkMargin=\dimen143
 (c:/texlive/2022/texmf-dist/tex/generic/bitset/bitset.sty
Package: bitset 2019/12/09 v1.3 Handle bit-vector datatype (HO)
 (c:/texlive/2022/texmf-dist/tex/generic/bigintcalc/bigintcalc.sty
Package: bigintcalc 2019/12/15 v1.5 Expandable calculations on big integers (HO)
))
\Fld@menulength=\count268
\Field@Width=\dimen144
\Fld@charsize=\dimen145
Package hyperref Info: Hyper figures OFF on input line 6027.
Package hyperref Info: Link nesting OFF on input line 6032.
Package hyperref Info: Hyper index ON on input line 6035.
Package hyperref Info: backreferencing OFF on input line 6042.
Package hyperref Info: Link coloring OFF on input line 6047.
Package hyperref Info: Link coloring with OCG OFF on input line 6052.
Package hyperref Info: PDF/A mode OFF on input line 6057.
 (c:/texlive/2022/texmf-dist/tex/latex/base/atbegshi-ltx.sty
Package: atbegshi-ltx 2021/01/10 v1.0c Emulation of the original atbegshi
package with kernel methods
)
\Hy@abspage=\count269
\c@Item=\count270
\c@Hfootnote=\count271
)
Package hyperref Info: Driver (autodetected): hpdftex.
 (c:/texlive/2022/texmf-dist/tex/latex/hyperref/hpdftex.def
File: hpdftex.def 2022-11-13 v7.00u Hyperref driver for pdfTeX
 (c:/texlive/2022/texmf-dist/tex/latex/base/atveryend-ltx.sty
Package: atveryend-ltx 2020/08/19 v1.0a Emulation of the original atveryend package
with kernel methods
)
\Fld@listcount=\count272
\c@bookmark@seq@number=\count273
 (c:/texlive/2022/texmf-dist/tex/latex/rerunfilecheck/rerunfilecheck.sty
Package: rerunfilecheck 2022-07-10 v1.10 Rerun checks for auxiliary files (HO)
 (c:/texlive/2022/texmf-dist/tex/generic/uniquecounter/uniquecounter.sty
Package: uniquecounter 2019/12/15 v1.4 Provide unlimited unique counter (HO)
)
Package uniquecounter Info: New unique counter `rerunfilecheck' on input line 285.
)
\Hy@SectionHShift=\skip52
) (c:/texlive/2022/texmf-dist/tex/latex/geometry/geometry.sty
Package: geometry 2020/01/02 v5.9 Page Geometry
 (c:/texlive/2022/texmf-dist/tex/generic/iftex/ifvtex.sty
Package: ifvtex 2019/10/25 v1.7 ifvtex legacy package. Use iftex instead.
)
\Gm@cnth=\count274
\Gm@cntv=\count275
\c@Gm@tempcnt=\count276
\Gm@bindingoffset=\dimen146
\Gm@wd@mp=\dimen147
\Gm@odd@mp=\dimen148
\Gm@even@mp=\dimen149
\Gm@layoutwidth=\dimen150
\Gm@layoutheight=\dimen151
\Gm@layouthoffset=\dimen152
\Gm@layoutvoffset=\dimen153
\Gm@dimlist=\toks17
) (c:/texlive/2022/texmf-dist/tex/latex/graphics/graphicx.sty
Package: graphicx 2021/09/16 v1.2d Enhanced LaTeX Graphics (DPC,SPQR)
 (c:/texlive/2022/texmf-dist/tex/latex/graphics/graphics.sty
Package: graphics 2022/03/10 v1.4e Standard LaTeX Graphics (DPC,SPQR)
 (c:/texlive/2022/texmf-dist/tex/latex/graphics/trig.sty
Package: trig 2021/08/11 v1.11 sin cos tan (DPC)
) (c:/texlive/2022/texmf-dist/tex/latex/graphics-cfg/graphics.cfg
File: graphics.cfg 2016/06/04 v1.11 sample graphics configuration
)
Package graphics Info: Driver file: pdftex.def on input line 107.
 (c:/texlive/2022/texmf-dist/tex/latex/graphics-def/pdftex.def
File: pdftex.def 2022/09/22 v1.2b Graphics/color driver for pdftex
))
\Gin@req@height=\dimen154
\Gin@req@width=\dimen155
) (c:/texlive/2022/texmf-dist/tex/latex/lipsum/lipsum.sty (c:/texlive/2022/texmf-dist/tex/latex/l3packages/l3keys2e/l3keys2e.sty (c:/texlive/2022/texmf-dist/tex/latex/l3kernel/expl3.sty
Package: expl3 2023-01-16 L3 programming layer (loader) 
 (c:/texlive/2022/texmf-dist/tex/latex/l3backend/l3backend-pdftex.def
File: l3backend-pdftex.def 2023-01-16 L3 backend support: PDF output (pdfTeX)
\l__color_backend_stack_int=\count277
\l__pdf_internal_box=\box51
))
Package: l3keys2e 2023-01-16 LaTeX2e option processing using LaTeX3 keys
)
Package: lipsum 2021-09-20 v2.7 150 paragraphs of Lorem Ipsum dummy text
\g__lipsum_par_int=\count278
\l__lipsum_a_int=\count279
\l__lipsum_b_int=\count280
 (c:/texlive/2022/texmf-dist/tex/latex/lipsum/lipsum.ltd.tex)) (c:/texlive/2022/texmf-dist/tex/latex/xcolor/xcolor.sty
Package: xcolor 2022/06/12 v2.14 LaTeX color extensions (UK)
 (c:/texlive/2022/texmf-dist/tex/latex/graphics-cfg/color.cfg
File: color.cfg 2016/01/02 v1.6 sample color configuration
)
Package xcolor Info: Driver file: pdftex.def on input line 227.
 (c:/texlive/2022/texmf-dist/tex/latex/graphics/mathcolor.ltx)
Package xcolor Info: Model `cmy' substituted by `cmy0' on input line 1353.
Package xcolor Info: Model `hsb' substituted by `rgb' on input line 1357.
Package xcolor Info: Model `RGB' extended on input line 1369.
Package xcolor Info: Model `HTML' substituted by `rgb' on input line 1371.
Package xcolor Info: Model `Hsb' substituted by `hsb' on input line 1372.
Package xcolor Info: Model `tHsb' substituted by `hsb' on input line 1373.
Package xcolor Info: Model `HSB' substituted by `hsb' on input line 1374.
Package xcolor Info: Model `Gray' substituted by `gray' on input line 1375.
Package xcolor Info: Model `wave' substituted by `hsb' on input line 1376.
) (c:/texlive/2022/texmf-dist/tex/latex/booktabs/booktabs.sty
Package: booktabs 2020/01/12 v1.61803398 Publication quality tables
\heavyrulewidth=\dimen156
\lightrulewidth=\dimen157
\cmidrulewidth=\dimen158
\belowrulesep=\dimen159
\belowbottomsep=\dimen160
\aboverulesep=\dimen161
\abovetopsep=\dimen162
\cmidrulesep=\dimen163
\cmidrulekern=\dimen164
\defaultaddspace=\dimen165
\@cmidla=\count281
\@cmidlb=\count282
\@aboverulesep=\dimen166
\@belowrulesep=\dimen167
\@thisruleclass=\count283
\@lastruleclass=\count284
\@thisrulewidth=\dimen168
) (./sections/heading.tex) (./main.aux)
\openout1 = `main.aux'.

LaTeX Font Info:    Checking defaults for OML/cmm/m/it on input line 13.
LaTeX Font Info:    ... okay on input line 13.
LaTeX Font Info:    Checking defaults for OMS/cmsy/m/n on input line 13.
LaTeX Font Info:    ... okay on input line 13.
LaTeX Font Info:    Checking defaults for OT1/cmr/m/n on input line 13.
LaTeX Font Info:    ... okay on input line 13.
LaTeX Font Info:    Checking defaults for T1/cmr/m/n on input line 13.
LaTeX Font Info:    ... okay on input line 13.
LaTeX Font Info:    Checking defaults for TS1/cmr/m/n on input line 13.
LaTeX Font Info:    ... okay on input line 13.
LaTeX Font Info:    Checking defaults for OMX/cmex/m/n on input line 13.
LaTeX Font Info:    ... okay on input line 13.
LaTeX Font Info:    Checking defaults for U/cmr/m/n on input line 13.
LaTeX Font Info:    ... okay on input line 13.
LaTeX Font Info:    Checking defaults for PD1/pdf/m/n on input line 13.
LaTeX Font Info:    ... okay on input line 13.
LaTeX Font Info:    Checking defaults for PU/pdf/m/n on input line 13.
LaTeX Font Info:    ... okay on input line 13.
Package hyperref Info: Link coloring OFF on input line 13.
 (./main.out) (./main.out)
\@outlinefile=\write3
\openout3 = `main.out'.


*geometry* driver: auto-detecting
*geometry* detected driver: pdftex
*geometry* verbose mode - [ preamble ] result:
* driver: pdftex
* paper: a4paper
* layout: <same size as paper>
* layoutoffset:(h,v)=(0.0pt,0.0pt)
* modes: 
* h-part:(L,W,R)=(71.13188pt, 455.24411pt, 71.13188pt)
* v-part:(T,H,B)=(71.13188pt, 702.78308pt, 71.13188pt)
* \paperwidth=597.50787pt
* \paperheight=845.04684pt
* \textwidth=455.24411pt
* \textheight=702.78308pt
* \oddsidemargin=-1.1381pt
* \evensidemargin=-1.1381pt
* \topmargin=-38.1381pt
* \headheight=12.0pt
* \headsep=25.0pt
* \topskip=10.0pt
* \footskip=30.0pt
* \marginparwidth=4.0pt
* \marginparsep=10.0pt
* \columnsep=10.0pt
* \skip\footins=9.0pt plus 4.0pt minus 2.0pt
* \hoffset=0.0pt
* \voffset=0.0pt
* \mag=1000
* \@twocolumntrue
* \@twosidefalse
* \@mparswitchfalse
* \@reversemarginfalse
* (1in=72.27pt=25.4mm, 1cm=28.453pt)

(c:/texlive/2022/texmf-dist/tex/context/base/mkii/supp-pdf.mkii
[Loading MPS to PDF converter (version 2006.09.02).]
\scratchcounter=\count285
\scratchdimen=\dimen169
\scratchbox=\box52
\nofMPsegments=\count286
\nofMParguments=\count287
\everyMPshowfont=\toks18
\MPscratchCnt=\count288
\MPscratchDim=\dimen170
\MPnumerator=\count289
\makeMPintoPDFobject=\count290
\everyMPtoPDFconversion=\toks19
) (c:/texlive/2022/texmf-dist/tex/latex/epstopdf-pkg/epstopdf-base.sty
Package: epstopdf-base 2020-01-24 v2.11 Base part for package epstopdf
Package epstopdf-base Info: Redefining graphics rule for `.eps' on input line 485.
 (c:/texlive/2022/texmf-dist/tex/latex/latexconfig/epstopdf-sys.cfg
File: epstopdf-sys.cfg 2010/07/13 v1.3 Configuration of (r)epstopdf for TeX Live
))
<Images/Indian_Institute_of_Technology_Bombay_Logo.png, id=112, 1204.5pt x 1174.3875pt>
File: Images/Indian_Institute_of_Technology_Bombay_Logo.png Graphic file (type png)
<use Images/Indian_Institute_of_Technology_Bombay_Logo.png>
Package pdftex.def Info: Images/Indian_Institute_of_Technology_Bombay_Logo.png  used on input line 18.
(pdftex.def)             Requested size: 58.35385pt x 56.9055pt.
LaTeX Font Info:    External font `cmex10' loaded for size
(Font)              <14.4> on input line 18.
LaTeX Font Info:    External font `cmex10' loaded for size
(Font)              <7> on input line 18.
LaTeX Font Info:    External font `cmex10' loaded for size
(Font)              <5> on input line 18.
 (./sections/abstract.tex) (./main.toc
LaTeX Font Info:    External font `cmex10' loaded for size
(Font)              <9> on input line 3.
LaTeX Font Info:    External font `cmex10' loaded for size
(Font)              <6> on input line 3.
)
\tf@toc=\write4
\openout4 = `main.toc'.

 (./sections/section_1.tex
<Images/Actual_mechanism.png, id=141, 1927.2pt x 1084.05pt>
File: Images/Actual_mechanism.png Graphic file (type png)
<use Images/Actual_mechanism.png>
Package pdftex.def Info: Images/Actual_mechanism.png  used on input line 6.
(pdftex.def)             Requested size: 200.35849pt x 112.69553pt.
<Images/Model_mechanism.png, id=142, 395.97937pt x 379.4175pt>
File: Images/Model_mechanism.png Graphic file (type png)
<use Images/Model_mechanism.png>
Package pdftex.def Info: Images/Model_mechanism.png  used on input line 13.
(pdftex.def)             Requested size: 200.35849pt x 191.97774pt.
<Images/Model_fv.png, id=143, 404.00937pt x 378.41376pt>
File: Images/Model_fv.png Graphic file (type png)
<use Images/Model_fv.png>
Package pdftex.def Info: Images/Model_fv.png  used on input line 20.
(pdftex.def)             Requested size: 200.35849pt x 187.66472pt.
<Images/dim8.png, id=144, 538.01pt x 331.73938pt>
File: Images/dim8.png Graphic file (type png)
<use Images/dim8.png>
Package pdftex.def Info: Images/dim8.png  used on input line 31.
(pdftex.def)             Requested size: 200.35849pt x 123.54143pt.

Underfull \vbox (badness 10000) has occurred while \output is active []

 [1

{c:/texlive/2022/texmf-var/fonts/map/pdftex/updmap/pdftex.map}


 <./images/Indian_Institute_of_Technology_Bombay_Logo.png> <./images/Actual_mechanism.png> <./images/Model_mechanism.png>]
<Images/dim9.png, id=170, 547.04375pt x 324.21124pt>
File: Images/dim9.png Graphic file (type png)
<use Images/dim9.png>
Package pdftex.def Info: Images/dim9.png  used on input line 38.
(pdftex.def)             Requested size: 200.35849pt x 118.74425pt.
<Images/dim10.png, id=171, 542.52687pt x 315.1775pt>
File: Images/dim10.png Graphic file (type png)
<use Images/dim10.png>
Package pdftex.def Info: Images/dim10.png  used on input line 45.
(pdftex.def)             Requested size: 200.35849pt x 116.39743pt.
<Images/dim11.png, id=172, 554.57187pt x 318.18875pt>
File: Images/dim11.png Graphic file (type png)
<use Images/dim11.png>
Package pdftex.def Info: Images/dim11.png  used on input line 52.
(pdftex.def)             Requested size: 200.35849pt x 114.95569pt.
<Images/dim12.png, id=173, 546.54187pt x 324.21124pt>
File: Images/dim12.png Graphic file (type png)
<use Images/dim12.png>
Package pdftex.def Info: Images/dim12.png  used on input line 59.
(pdftex.def)             Requested size: 200.35849pt x 118.85309pt.
<Images/dim13.png, id=174, 453.695pt x 377.91188pt>
File: Images/dim13.png Graphic file (type png)
<use Images/dim13.png>
Package pdftex.def Info: Images/dim13.png  used on input line 66.
(pdftex.def)             Requested size: 200.35849pt x 166.89297pt.
<Images/dim14.png, id=175, 459.7175pt x 380.92313pt>
File: Images/dim14.png Graphic file (type png)
<use Images/dim14.png>
Package pdftex.def Info: Images/dim14.png  used on input line 73.
(pdftex.def)             Requested size: 200.35849pt x 166.0199pt.
<Images/dim15.png, id=176, 459.7175pt x 373.89688pt>
File: Images/dim15.png Graphic file (type png)
<use Images/dim15.png>
Package pdftex.def Info: Images/dim15.png  used on input line 80.
(pdftex.def)             Requested size: 200.35849pt x 162.95761pt.
<Images/dim16.png, id=177, 451.6875pt x 379.91937pt>
File: Images/dim16.png Graphic file (type png)
<use Images/dim16.png>
Package pdftex.def Info: Images/dim16.png  used on input line 87.
(pdftex.def)             Requested size: 200.35849pt x 168.52734pt.
<Images/dim17.png, id=178, 457.71pt x 380.92313pt>
File: Images/dim17.png Graphic file (type png)
<use Images/dim17.png>
Package pdftex.def Info: Images/dim17.png  used on input line 94.
(pdftex.def)             Requested size: 200.35849pt x 166.74644pt.
<Images/dim18.png, id=179, 447.6725pt x 379.91937pt>
File: Images/dim18.png Graphic file (type png)
<use Images/dim18.png>
Package pdftex.def Info: Images/dim18.png  used on input line 101.
(pdftex.def)             Requested size: 200.35849pt x 170.04039pt.
<Images/dim19.png, id=180, 464.23438pt x 380.92313pt>
File: Images/dim19.png Graphic file (type png)
<use Images/dim19.png>
Package pdftex.def Info: Images/dim19.png  used on input line 108.
(pdftex.def)             Requested size: 200.35849pt x 164.40404pt.
<Images/dim20.png, id=181, 453.695pt x 379.91937pt>
File: Images/dim20.png Graphic file (type png)
<use Images/dim20.png>
Package pdftex.def Info: Images/dim20.png  used on input line 115.
(pdftex.def)             Requested size: 200.35849pt x 167.77953pt.
 [2 <./images/Model_fv.png> <./images/dim8.png> <./images/dim9.png> <./images/dim10.png> <./images/dim11.png> <./images/dim12.png> <./images/dim13.png>] [3 <./images/dim14.png> <./images/dim15.png> <./images/dim16.png> <./images/dim17.png> <./images/dim18.png> <./images/dim19.png>] [4 <./images/dim20.png>]) (./sections/section_2.tex
<Images/x_disp madhav-01.jpg, id=253, 1927.2pt x 1084.05pt>
File: Images/x_disp madhav-01.jpg Graphic file (type jpg)
<use Images/x_disp madhav-01.jpg>
Package pdftex.def Info: Images/x_disp madhav-01.jpg  used on input line 8.
(pdftex.def)             Requested size: 200.35849pt x 112.69553pt.
<Images/height_variation madhav-01.jpg, id=254, 1927.2pt x 1084.05pt>
File: Images/height_variation madhav-01.jpg Graphic file (type jpg)
<use Images/height_variation madhav-01.jpg>
Package pdftex.def Info: Images/height_variation madhav-01.jpg  used on input line 15.
(pdftex.def)             Requested size: 200.35849pt x 112.69553pt.
<Images/x_vel madhav-01.jpg, id=255, 1927.2pt x 1084.05pt>
File: Images/x_vel madhav-01.jpg Graphic file (type jpg)
<use Images/x_vel madhav-01.jpg>
Package pdftex.def Info: Images/x_vel madhav-01.jpg  used on input line 23.
(pdftex.def)             Requested size: 200.35849pt x 112.69553pt.
<Images/height_velocity madhav-01.jpg, id=256, 1927.2pt x 1084.05pt>
File: Images/height_velocity madhav-01.jpg Graphic file (type jpg)
<use Images/height_velocity madhav-01.jpg>
Package pdftex.def Info: Images/height_velocity madhav-01.jpg  used on input line 30.
(pdftex.def)             Requested size: 200.35849pt x 112.69553pt.
<Images/x_acc madhav-01.jpg, id=257, 1927.2pt x 1084.05pt>
File: Images/x_acc madhav-01.jpg Graphic file (type jpg)
<use Images/x_acc madhav-01.jpg>
Package pdftex.def Info: Images/x_acc madhav-01.jpg  used on input line 38.
(pdftex.def)             Requested size: 200.35849pt x 112.69553pt.
<Images/height_acceleration madhav-01.jpg, id=258, 1927.2pt x 1084.05pt>
File: Images/height_acceleration madhav-01.jpg Graphic file (type jpg)
<use Images/height_acceleration madhav-01.jpg>
Package pdftex.def Info: Images/height_acceleration madhav-01.jpg  used on input line 45.
(pdftex.def)             Requested size: 200.35849pt x 112.69553pt.
 [5 <./images/x_disp madhav-01.jpg> <./images/height_variation madhav-01.jpg> <./images/x_vel madhav-01.jpg> <./images/height_velocity madhav-01.jpg> <./images/x_acc madhav-01.jpg> <./images/height_acceleration madhav-01.jpg>]) (./sections/section_3.tex
<Images/Theo_eval1.jpg, id=273, 1986.42125pt x 3258.1725pt>
File: Images/Theo_eval1.jpg Graphic file (type jpg)
<use Images/Theo_eval1.jpg>
Package pdftex.def Info: Images/Theo_eval1.jpg  used on input line 7.
(pdftex.def)             Requested size: 200.35849pt x 328.6204pt.
<Images/Theo_eval2.jpg, id=274, 2094.82625pt x 3257.16875pt>
File: Images/Theo_eval2.jpg Graphic file (type jpg)
<use Images/Theo_eval2.jpg>
Package pdftex.def Info: Images/Theo_eval2.jpg  used on input line 14.
(pdftex.def)             Requested size: 200.35849pt x 311.52167pt.
<Images/Theo_eval3.jpg, id=275, 1900.09875pt x 3076.49374pt>
File: Images/Theo_eval3.jpg Graphic file (type jpg)
<use Images/Theo_eval3.jpg>
Package pdftex.def Info: Images/Theo_eval3.jpg  used on input line 21.
(pdftex.def)             Requested size: 200.35849pt x 324.37927pt.
<Images/theo_eval_result.jpg, id=276, 1008.76875pt x 2482.27374pt>
File: Images/theo_eval_result.jpg Graphic file (type jpg)
<use Images/theo_eval_result.jpg>
Package pdftex.def Info: Images/theo_eval_result.jpg  used on input line 28.
(pdftex.def)             Requested size: 200.35849pt x 492.9992pt.
<Images/matlab_script.png, id=277, 335.75438pt x 343.78438pt>
File: Images/matlab_script.png Graphic file (type png)
<use Images/matlab_script.png>
Package pdftex.def Info: Images/matlab_script.png  used on input line 35.
(pdftex.def)             Requested size: 200.35849pt x 205.14963pt.
<Images/anal_x_disp.jpg, id=286, 1927.2pt x 1084.05pt>
File: Images/anal_x_disp.jpg Graphic file (type jpg)
<use Images/anal_x_disp.jpg>
Package pdftex.def Info: Images/anal_x_disp.jpg  used on input line 48.
(pdftex.def)             Requested size: 200.35849pt x 112.69553pt.
<Images/anal_height_variation.jpg, id=287, 1927.2pt x 1084.05pt>
File: Images/anal_height_variation.jpg Graphic file (type jpg)
<use Images/anal_height_variation.jpg>
Package pdftex.def Info: Images/anal_height_variation.jpg  used on input line 55.
(pdftex.def)             Requested size: 200.35849pt x 112.69553pt.
<Images/anal_x_vel.jpg, id=291, 1927.2pt x 1084.05pt>
File: Images/anal_x_vel.jpg Graphic file (type jpg)
<use Images/anal_x_vel.jpg>
Package pdftex.def Info: Images/anal_x_vel.jpg  used on input line 67.
(pdftex.def)             Requested size: 200.35849pt x 112.69553pt.
<Images/anal_height_velocity.jpg, id=292, 1927.2pt x 1084.05pt>
File: Images/anal_height_velocity.jpg Graphic file (type jpg)
<use Images/anal_height_velocity.jpg>
Package pdftex.def Info: Images/anal_height_velocity.jpg  used on input line 74.
(pdftex.def)             Requested size: 200.35849pt x 112.69553pt.
<Images/anal_x_acc.jpg, id=296, 1927.2pt x 1084.05pt>
File: Images/anal_x_acc.jpg Graphic file (type jpg)
<use Images/anal_x_acc.jpg>
Package pdftex.def Info: Images/anal_x_acc.jpg  used on input line 86.
(pdftex.def)             Requested size: 200.35849pt x 112.69553pt.
<Images/anal_height_acceleration.jpg, id=297, 1927.2pt x 1084.05pt>
File: Images/anal_height_acceleration.jpg Graphic file (type jpg)
<use Images/anal_height_acceleration.jpg>
Package pdftex.def Info: Images/anal_height_acceleration.jpg  used on input line 93.
(pdftex.def)             Requested size: 200.35849pt x 112.69553pt.
) (./sections/bibliography.tex
Underfull \hbox (badness 3590) in paragraph at lines 4--12
[]\OT1/cmr/m/n/10 Liang Sun, Xuan Chen, Chuanyu Wu,
 []


Overfull \hbox (3.57303pt too wide) in paragraph at lines 4--12
[]\OT1/cmr/m/n/10 https://doi.org/10.1016/j.compag.2017.10.021[] 
 []


Underfull \hbox (badness 1297) in paragraph at lines 14--15
[]\OT1/cmr/m/n/10 Yadav, Dr & Mi-tal, Pa-tel & P, Shukla
 []

[6 <./images/Theo_eval1.jpg>]) [7 <./images/Theo_eval2.jpg> <./images/Theo_eval3.jpg>] [8 <./images/theo_eval_result.jpg> <./images/matlab_script.png> <./images/anal_x_disp.jpg> <./images/anal_height_variation.jpg> <./images/anal_x_vel.jpg>] [9

 <./images/anal_height_velocity.jpg> <./images/anal_x_acc.jpg> <./images/anal_height_acceleration.jpg>] (./main.aux)
Package rerunfilecheck Info: File `main.out' has not changed.
(rerunfilecheck)             Checksum: 4B1CF9430D40CDE854F8F43CB9F44776;4976.
 ) 
Here is how much of TeX's memory you used:
 11354 strings out of 476091
 186353 string characters out of 5795540
 1875324 words of memory out of 5000000
 31428 multiletter control sequences out of 15000+600000
 519340 words of font info for 55 fonts, out of 8000000 for 9000
 1141 hyphenation exceptions out of 8191
 75i,8n,77p,524b,568s stack positions out of 10000i,1000n,20000p,200000b,200000s
<c:/texlive/2022/texmf-dist/fonts/type1/public/amsfonts/cm/cmbx10.pfb><c:/texlive/2022/texmf-dist/fonts/type1/public/amsfonts/cm/cmr10.pfb><c:/texlive/2022/texmf-dist/fonts/type1/public/amsfonts/cm/cmr9.pfb><c:/texlive/2022/texmf-dist/fonts/type1/public/amsfonts/cm/cmss10.pfb><c:/texlive/2022/texmf-dist/fonts/type1/public/amsfonts/cm/cmss12.pfb><c:/texlive/2022/texmf-dist/fonts/type1/public/amsfonts/cm/cmss9.pfb><c:/texlive/2022/texmf-dist/fonts/type1/public/amsfonts/cm/cmssbx10.pfb><c:/texlive/2022/texmf-dist/fonts/type1/public/amsfonts/cm/cmssi12.pfb><c:/texlive/2022/texmf-dist/fonts/type1/public/amsfonts/cm/cmti10.pfb>
Output written on main.pdf (9 pages, 18289607 bytes).
PDF statistics:
 407 PDF objects out of 1000 (max. 8388607)
 322 compressed objects within 4 object streams
 114 named destinations out of 1000 (max. 500000)
 387 words of extra memory for PDF output out of 10000 (max. 10000000)

